                                      1 ;--------------------------------------------------------
                                      2 ; File Created by SDCC : free open source ANSI-C Compiler
                                      3 ; Version 4.0.0 #11528 (Linux)
                                      4 ;--------------------------------------------------------
                                      5 	.module blinking_led
                                      6 	.optsdcc -mmcs51 --model-small
                                      7 	
                                      8 ;--------------------------------------------------------
                                      9 ; Public variables in this module
                                     10 ;--------------------------------------------------------
                                     11 	.globl _main
                                     12 	.globl _CY
                                     13 	.globl _AC
                                     14 	.globl _F0
                                     15 	.globl _RS1
                                     16 	.globl _RS0
                                     17 	.globl _OV
                                     18 	.globl _F1
                                     19 	.globl _P
                                     20 	.globl _PS
                                     21 	.globl _PT1
                                     22 	.globl _PX1
                                     23 	.globl _PT0
                                     24 	.globl _PX0
                                     25 	.globl _RD
                                     26 	.globl _WR
                                     27 	.globl _T1
                                     28 	.globl _T0
                                     29 	.globl _INT1
                                     30 	.globl _INT0
                                     31 	.globl _TXD
                                     32 	.globl _RXD
                                     33 	.globl _P3_7
                                     34 	.globl _P3_6
                                     35 	.globl _P3_5
                                     36 	.globl _P3_4
                                     37 	.globl _P3_3
                                     38 	.globl _P3_2
                                     39 	.globl _P3_1
                                     40 	.globl _P3_0
                                     41 	.globl _EA
                                     42 	.globl _ES
                                     43 	.globl _ET1
                                     44 	.globl _EX1
                                     45 	.globl _ET0
                                     46 	.globl _EX0
                                     47 	.globl _P2_7
                                     48 	.globl _P2_6
                                     49 	.globl _P2_5
                                     50 	.globl _P2_4
                                     51 	.globl _P2_3
                                     52 	.globl _P2_2
                                     53 	.globl _P2_1
                                     54 	.globl _P2_0
                                     55 	.globl _SM0
                                     56 	.globl _SM1
                                     57 	.globl _SM2
                                     58 	.globl _REN
                                     59 	.globl _TB8
                                     60 	.globl _RB8
                                     61 	.globl _TI
                                     62 	.globl _RI
                                     63 	.globl _P1_7
                                     64 	.globl _P1_6
                                     65 	.globl _P1_5
                                     66 	.globl _P1_4
                                     67 	.globl _P1_3
                                     68 	.globl _P1_2
                                     69 	.globl _P1_1
                                     70 	.globl _P1_0
                                     71 	.globl _TF1
                                     72 	.globl _TR1
                                     73 	.globl _TF0
                                     74 	.globl _TR0
                                     75 	.globl _IE1
                                     76 	.globl _IT1
                                     77 	.globl _IE0
                                     78 	.globl _IT0
                                     79 	.globl _P0_7
                                     80 	.globl _P0_6
                                     81 	.globl _P0_5
                                     82 	.globl _P0_4
                                     83 	.globl _P0_3
                                     84 	.globl _P0_2
                                     85 	.globl _P0_1
                                     86 	.globl _P0_0
                                     87 	.globl _B
                                     88 	.globl _ACC
                                     89 	.globl _PSW
                                     90 	.globl _IP
                                     91 	.globl _P3
                                     92 	.globl _IE
                                     93 	.globl _P2
                                     94 	.globl _SBUF
                                     95 	.globl _SCON
                                     96 	.globl _P1
                                     97 	.globl _TH1
                                     98 	.globl _TH0
                                     99 	.globl _TL1
                                    100 	.globl _TL0
                                    101 	.globl _TMOD
                                    102 	.globl _TCON
                                    103 	.globl _PCON
                                    104 	.globl _DPH
                                    105 	.globl _DPL
                                    106 	.globl _SP
                                    107 	.globl _P0
                                    108 ;--------------------------------------------------------
                                    109 ; special function registers
                                    110 ;--------------------------------------------------------
                                    111 	.area RSEG    (ABS,DATA)
      000000                        112 	.org 0x0000
                           000080   113 _P0	=	0x0080
                           000081   114 _SP	=	0x0081
                           000082   115 _DPL	=	0x0082
                           000083   116 _DPH	=	0x0083
                           000087   117 _PCON	=	0x0087
                           000088   118 _TCON	=	0x0088
                           000089   119 _TMOD	=	0x0089
                           00008A   120 _TL0	=	0x008a
                           00008B   121 _TL1	=	0x008b
                           00008C   122 _TH0	=	0x008c
                           00008D   123 _TH1	=	0x008d
                           000090   124 _P1	=	0x0090
                           000098   125 _SCON	=	0x0098
                           000099   126 _SBUF	=	0x0099
                           0000A0   127 _P2	=	0x00a0
                           0000A8   128 _IE	=	0x00a8
                           0000B0   129 _P3	=	0x00b0
                           0000B8   130 _IP	=	0x00b8
                           0000D0   131 _PSW	=	0x00d0
                           0000E0   132 _ACC	=	0x00e0
                           0000F0   133 _B	=	0x00f0
                                    134 ;--------------------------------------------------------
                                    135 ; special function bits
                                    136 ;--------------------------------------------------------
                                    137 	.area RSEG    (ABS,DATA)
      000000                        138 	.org 0x0000
                           000080   139 _P0_0	=	0x0080
                           000081   140 _P0_1	=	0x0081
                           000082   141 _P0_2	=	0x0082
                           000083   142 _P0_3	=	0x0083
                           000084   143 _P0_4	=	0x0084
                           000085   144 _P0_5	=	0x0085
                           000086   145 _P0_6	=	0x0086
                           000087   146 _P0_7	=	0x0087
                           000088   147 _IT0	=	0x0088
                           000089   148 _IE0	=	0x0089
                           00008A   149 _IT1	=	0x008a
                           00008B   150 _IE1	=	0x008b
                           00008C   151 _TR0	=	0x008c
                           00008D   152 _TF0	=	0x008d
                           00008E   153 _TR1	=	0x008e
                           00008F   154 _TF1	=	0x008f
                           000090   155 _P1_0	=	0x0090
                           000091   156 _P1_1	=	0x0091
                           000092   157 _P1_2	=	0x0092
                           000093   158 _P1_3	=	0x0093
                           000094   159 _P1_4	=	0x0094
                           000095   160 _P1_5	=	0x0095
                           000096   161 _P1_6	=	0x0096
                           000097   162 _P1_7	=	0x0097
                           000098   163 _RI	=	0x0098
                           000099   164 _TI	=	0x0099
                           00009A   165 _RB8	=	0x009a
                           00009B   166 _TB8	=	0x009b
                           00009C   167 _REN	=	0x009c
                           00009D   168 _SM2	=	0x009d
                           00009E   169 _SM1	=	0x009e
                           00009F   170 _SM0	=	0x009f
                           0000A0   171 _P2_0	=	0x00a0
                           0000A1   172 _P2_1	=	0x00a1
                           0000A2   173 _P2_2	=	0x00a2
                           0000A3   174 _P2_3	=	0x00a3
                           0000A4   175 _P2_4	=	0x00a4
                           0000A5   176 _P2_5	=	0x00a5
                           0000A6   177 _P2_6	=	0x00a6
                           0000A7   178 _P2_7	=	0x00a7
                           0000A8   179 _EX0	=	0x00a8
                           0000A9   180 _ET0	=	0x00a9
                           0000AA   181 _EX1	=	0x00aa
                           0000AB   182 _ET1	=	0x00ab
                           0000AC   183 _ES	=	0x00ac
                           0000AF   184 _EA	=	0x00af
                           0000B0   185 _P3_0	=	0x00b0
                           0000B1   186 _P3_1	=	0x00b1
                           0000B2   187 _P3_2	=	0x00b2
                           0000B3   188 _P3_3	=	0x00b3
                           0000B4   189 _P3_4	=	0x00b4
                           0000B5   190 _P3_5	=	0x00b5
                           0000B6   191 _P3_6	=	0x00b6
                           0000B7   192 _P3_7	=	0x00b7
                           0000B0   193 _RXD	=	0x00b0
                           0000B1   194 _TXD	=	0x00b1
                           0000B2   195 _INT0	=	0x00b2
                           0000B3   196 _INT1	=	0x00b3
                           0000B4   197 _T0	=	0x00b4
                           0000B5   198 _T1	=	0x00b5
                           0000B6   199 _WR	=	0x00b6
                           0000B7   200 _RD	=	0x00b7
                           0000B8   201 _PX0	=	0x00b8
                           0000B9   202 _PT0	=	0x00b9
                           0000BA   203 _PX1	=	0x00ba
                           0000BB   204 _PT1	=	0x00bb
                           0000BC   205 _PS	=	0x00bc
                           0000D0   206 _P	=	0x00d0
                           0000D1   207 _F1	=	0x00d1
                           0000D2   208 _OV	=	0x00d2
                           0000D3   209 _RS0	=	0x00d3
                           0000D4   210 _RS1	=	0x00d4
                           0000D5   211 _F0	=	0x00d5
                           0000D6   212 _AC	=	0x00d6
                           0000D7   213 _CY	=	0x00d7
                                    214 ;--------------------------------------------------------
                                    215 ; overlayable register banks
                                    216 ;--------------------------------------------------------
                                    217 	.area REG_BANK_0	(REL,OVR,DATA)
      000000                        218 	.ds 8
                                    219 ;--------------------------------------------------------
                                    220 ; internal ram data
                                    221 ;--------------------------------------------------------
                                    222 	.area DSEG    (DATA)
                                    223 ;--------------------------------------------------------
                                    224 ; overlayable items in internal ram 
                                    225 ;--------------------------------------------------------
                                    226 	.area	OSEG    (OVR,DATA)
                                    227 ;--------------------------------------------------------
                                    228 ; Stack segment in internal ram 
                                    229 ;--------------------------------------------------------
                                    230 	.area	SSEG
      000000                        231 __start__stack:
      000000                        232 	.ds	1
                                    233 
                                    234 ;--------------------------------------------------------
                                    235 ; indirectly addressable internal ram data
                                    236 ;--------------------------------------------------------
                                    237 	.area ISEG    (DATA)
                                    238 ;--------------------------------------------------------
                                    239 ; absolute internal ram data
                                    240 ;--------------------------------------------------------
                                    241 	.area IABS    (ABS,DATA)
                                    242 	.area IABS    (ABS,DATA)
                                    243 ;--------------------------------------------------------
                                    244 ; bit data
                                    245 ;--------------------------------------------------------
                                    246 	.area BSEG    (BIT)
                                    247 ;--------------------------------------------------------
                                    248 ; paged external ram data
                                    249 ;--------------------------------------------------------
                                    250 	.area PSEG    (PAG,XDATA)
                                    251 ;--------------------------------------------------------
                                    252 ; external ram data
                                    253 ;--------------------------------------------------------
                                    254 	.area XSEG    (XDATA)
                                    255 ;--------------------------------------------------------
                                    256 ; absolute external ram data
                                    257 ;--------------------------------------------------------
                                    258 	.area XABS    (ABS,XDATA)
                                    259 ;--------------------------------------------------------
                                    260 ; external initialized ram data
                                    261 ;--------------------------------------------------------
                                    262 	.area XISEG   (XDATA)
                                    263 	.area HOME    (CODE)
                                    264 	.area GSINIT0 (CODE)
                                    265 	.area GSINIT1 (CODE)
                                    266 	.area GSINIT2 (CODE)
                                    267 	.area GSINIT3 (CODE)
                                    268 	.area GSINIT4 (CODE)
                                    269 	.area GSINIT5 (CODE)
                                    270 	.area GSINIT  (CODE)
                                    271 	.area GSFINAL (CODE)
                                    272 	.area CSEG    (CODE)
                                    273 ;--------------------------------------------------------
                                    274 ; interrupt vector 
                                    275 ;--------------------------------------------------------
                                    276 	.area HOME    (CODE)
      000000                        277 __interrupt_vect:
      000000 02r00r00         [24]  278 	ljmp	__sdcc_gsinit_startup
                                    279 ;--------------------------------------------------------
                                    280 ; global & static initialisations
                                    281 ;--------------------------------------------------------
                                    282 	.area HOME    (CODE)
                                    283 	.area GSINIT  (CODE)
                                    284 	.area GSFINAL (CODE)
                                    285 	.area GSINIT  (CODE)
                                    286 	.globl __sdcc_gsinit_startup
                                    287 	.globl __sdcc_program_startup
                                    288 	.globl __start__stack
                                    289 	.globl __mcs51_genXINIT
                                    290 	.globl __mcs51_genXRAMCLEAR
                                    291 	.globl __mcs51_genRAMCLEAR
                                    292 	.area GSFINAL (CODE)
      000000 02r00r03         [24]  293 	ljmp	__sdcc_program_startup
                                    294 ;--------------------------------------------------------
                                    295 ; Home
                                    296 ;--------------------------------------------------------
                                    297 	.area HOME    (CODE)
                                    298 	.area HOME    (CODE)
      000003                        299 __sdcc_program_startup:
      000003 02r00r00         [24]  300 	ljmp	_main
                                    301 ;	return from main will return to caller
                                    302 ;--------------------------------------------------------
                                    303 ; code
                                    304 ;--------------------------------------------------------
                                    305 	.area CSEG    (CODE)
                                    306 ;------------------------------------------------------------
                                    307 ;Allocation info for local variables in function 'main'
                                    308 ;------------------------------------------------------------
                                    309 ;i                         Allocated to registers r6 r7 
                                    310 ;j                         Allocated to registers r4 r5 
                                    311 ;------------------------------------------------------------
                                    312 ;	blinking_led.c:3: void main(void)
                                    313 ;	-----------------------------------------
                                    314 ;	 function main
                                    315 ;	-----------------------------------------
      000000                        316 _main:
                           000007   317 	ar7 = 0x07
                           000006   318 	ar6 = 0x06
                           000005   319 	ar5 = 0x05
                           000004   320 	ar4 = 0x04
                           000003   321 	ar3 = 0x03
                           000002   322 	ar2 = 0x02
                           000001   323 	ar1 = 0x01
                           000000   324 	ar0 = 0x00
                                    325 ;	blinking_led.c:5: while(1)	
      000000                        326 00106$:
                                    327 ;	blinking_led.c:9: led = 0;
                                    328 ;	assignBit
      000000 C2 A0            [12]  329 	clr	_P2_0
                                    330 ;	blinking_led.c:10: for(i=0; i<100; ++i)
      000002 7E 00            [12]  331 	mov	r6,#0x00
      000004 7F 00            [12]  332 	mov	r7,#0x00
                                    333 ;	blinking_led.c:11: for(j=0; j<100; ++j)
      000006                        334 00120$:
      000006 7C 64            [12]  335 	mov	r4,#0x64
      000008 7D 00            [12]  336 	mov	r5,#0x00
      00000A                        337 00110$:
      00000A 1C               [12]  338 	dec	r4
      00000B BC FF 01         [24]  339 	cjne	r4,#0xff,00160$
      00000E 1D               [12]  340 	dec	r5
      00000F                        341 00160$:
      00000F EC               [12]  342 	mov	a,r4
      000010 4D               [12]  343 	orl	a,r5
      000011 70 F7            [24]  344 	jnz	00110$
                                    345 ;	blinking_led.c:10: for(i=0; i<100; ++i)
      000013 0E               [12]  346 	inc	r6
      000014 BE 00 01         [24]  347 	cjne	r6,#0x00,00162$
      000017 0F               [12]  348 	inc	r7
      000018                        349 00162$:
      000018 C3               [12]  350 	clr	c
      000019 EE               [12]  351 	mov	a,r6
      00001A 94 64            [12]  352 	subb	a,#0x64
      00001C EF               [12]  353 	mov	a,r7
      00001D 64 80            [12]  354 	xrl	a,#0x80
      00001F 94 80            [12]  355 	subb	a,#0x80
      000021 40 E3            [24]  356 	jc	00120$
                                    357 ;	blinking_led.c:13: led = 1;
                                    358 ;	assignBit
      000023 D2 A0            [12]  359 	setb	_P2_0
                                    360 ;	blinking_led.c:14: for(i=0; i<100; ++i)
      000025 7E 00            [12]  361 	mov	r6,#0x00
      000027 7F 00            [12]  362 	mov	r7,#0x00
                                    363 ;	blinking_led.c:15: for(j=0; j<100; ++j)
      000029                        364 00124$:
      000029 7C 64            [12]  365 	mov	r4,#0x64
      00002B 7D 00            [12]  366 	mov	r5,#0x00
      00002D                        367 00115$:
      00002D 1C               [12]  368 	dec	r4
      00002E BC FF 01         [24]  369 	cjne	r4,#0xff,00164$
      000031 1D               [12]  370 	dec	r5
      000032                        371 00164$:
      000032 EC               [12]  372 	mov	a,r4
      000033 4D               [12]  373 	orl	a,r5
      000034 70 F7            [24]  374 	jnz	00115$
                                    375 ;	blinking_led.c:14: for(i=0; i<100; ++i)
      000036 0E               [12]  376 	inc	r6
      000037 BE 00 01         [24]  377 	cjne	r6,#0x00,00166$
      00003A 0F               [12]  378 	inc	r7
      00003B                        379 00166$:
      00003B C3               [12]  380 	clr	c
      00003C EE               [12]  381 	mov	a,r6
      00003D 94 64            [12]  382 	subb	a,#0x64
      00003F EF               [12]  383 	mov	a,r7
      000040 64 80            [12]  384 	xrl	a,#0x80
      000042 94 80            [12]  385 	subb	a,#0x80
      000044 40 E3            [24]  386 	jc	00124$
                                    387 ;	blinking_led.c:18: }
      000046 80 B8            [24]  388 	sjmp	00106$
                                    389 	.area CSEG    (CODE)
                                    390 	.area CONST   (CODE)
                                    391 	.area XINIT   (CODE)
                                    392 	.area CABS    (ABS,CODE)
